CRITICAL - 2024-03-19 13:27:57 --> CodeIgniter\View\Exceptions\ViewException: Invalid file: "upload_form.php"
in SYSTEMPATH\Exceptions\FrameworkException.php on line 39.
 1 SYSTEMPATH\View\View.php(216): CodeIgniter\Exceptions\FrameworkException::forInvalidFile('upload_form.php')
 2 SYSTEMPATH\Common.php(1178): CodeIgniter\View\View->render('upload_form', [], true)
 3 APPPATH\Controllers\Upload.php(10): view('upload_form')
 4 SYSTEMPATH\CodeIgniter.php(941): App\Controllers\Upload->index()
 5 SYSTEMPATH\CodeIgniter.php(502): CodeIgniter\CodeIgniter->runController(Object(App\Controllers\Upload))
 6 SYSTEMPATH\CodeIgniter.php(361): CodeIgniter\CodeIgniter->handleRequest(null, Object(Config\Cache), false)
 7 FCPATH\index.php(79): CodeIgniter\CodeIgniter->run()
CRITICAL - 2024-03-19 13:27:58 --> CodeIgniter\View\Exceptions\ViewException: Invalid file: "upload_form.php"
in SYSTEMPATH\Exceptions\FrameworkException.php on line 39.
 1 SYSTEMPATH\View\View.php(216): CodeIgniter\Exceptions\FrameworkException::forInvalidFile('upload_form.php')
 2 SYSTEMPATH\Common.php(1178): CodeIgniter\View\View->render('upload_form', [], true)
 3 APPPATH\Controllers\Upload.php(10): view('upload_form')
 4 SYSTEMPATH\CodeIgniter.php(941): App\Controllers\Upload->index()
 5 SYSTEMPATH\CodeIgniter.php(502): CodeIgniter\CodeIgniter->runController(Object(App\Controllers\Upload))
 6 SYSTEMPATH\CodeIgniter.php(361): CodeIgniter\CodeIgniter->handleRequest(null, Object(Config\Cache), false)
 7 FCPATH\index.php(79): CodeIgniter\CodeIgniter->run()
CRITICAL - 2024-03-19 13:28:06 --> CodeIgniter\View\Exceptions\ViewException: Invalid file: "upload_form.php"
in SYSTEMPATH\Exceptions\FrameworkException.php on line 39.
 1 SYSTEMPATH\View\View.php(216): CodeIgniter\Exceptions\FrameworkException::forInvalidFile('upload_form.php')
 2 SYSTEMPATH\Common.php(1178): CodeIgniter\View\View->render('upload_form', [], true)
 3 APPPATH\Controllers\Upload.php(10): view('upload_form')
 4 SYSTEMPATH\CodeIgniter.php(941): App\Controllers\Upload->index()
 5 SYSTEMPATH\CodeIgniter.php(502): CodeIgniter\CodeIgniter->runController(Object(App\Controllers\Upload))
 6 SYSTEMPATH\CodeIgniter.php(361): CodeIgniter\CodeIgniter->handleRequest(null, Object(Config\Cache), false)
 7 FCPATH\index.php(79): CodeIgniter\CodeIgniter->run()
CRITICAL - 2024-03-19 13:28:06 --> CodeIgniter\View\Exceptions\ViewException: Invalid file: "upload_form.php"
in SYSTEMPATH\Exceptions\FrameworkException.php on line 39.
 1 SYSTEMPATH\View\View.php(216): CodeIgniter\Exceptions\FrameworkException::forInvalidFile('upload_form.php')
 2 SYSTEMPATH\Common.php(1178): CodeIgniter\View\View->render('upload_form', [], true)
 3 APPPATH\Controllers\Upload.php(10): view('upload_form')
 4 SYSTEMPATH\CodeIgniter.php(941): App\Controllers\Upload->index()
 5 SYSTEMPATH\CodeIgniter.php(502): CodeIgniter\CodeIgniter->runController(Object(App\Controllers\Upload))
 6 SYSTEMPATH\CodeIgniter.php(361): CodeIgniter\CodeIgniter->handleRequest(null, Object(Config\Cache), false)
 7 FCPATH\index.php(79): CodeIgniter\CodeIgniter->run()
CRITICAL - 2024-03-19 13:28:18 --> CodeIgniter\View\Exceptions\ViewException: Invalid file: "upload_form.php"
in SYSTEMPATH\Exceptions\FrameworkException.php on line 39.
 1 SYSTEMPATH\View\View.php(216): CodeIgniter\Exceptions\FrameworkException::forInvalidFile('upload_form.php')
 2 SYSTEMPATH\Common.php(1178): CodeIgniter\View\View->render('upload_form', [], true)
 3 APPPATH\Controllers\Upload.php(10): view('upload_form')
 4 SYSTEMPATH\CodeIgniter.php(941): App\Controllers\Upload->index()
 5 SYSTEMPATH\CodeIgniter.php(502): CodeIgniter\CodeIgniter->runController(Object(App\Controllers\Upload))
 6 SYSTEMPATH\CodeIgniter.php(361): CodeIgniter\CodeIgniter->handleRequest(null, Object(Config\Cache), false)
 7 FCPATH\index.php(79): CodeIgniter\CodeIgniter->run()
CRITICAL - 2024-03-19 13:28:32 --> CodeIgniter\View\Exceptions\ViewException: Invalid file: "upload_form.php"
in SYSTEMPATH\Exceptions\FrameworkException.php on line 39.
 1 SYSTEMPATH\View\View.php(216): CodeIgniter\Exceptions\FrameworkException::forInvalidFile('upload_form.php')
 2 SYSTEMPATH\Common.php(1178): CodeIgniter\View\View->render('upload_form', [], true)
 3 APPPATH\Controllers\Upload.php(10): view('upload_form')
 4 SYSTEMPATH\CodeIgniter.php(941): App\Controllers\Upload->index()
 5 SYSTEMPATH\CodeIgniter.php(502): CodeIgniter\CodeIgniter->runController(Object(App\Controllers\Upload))
 6 SYSTEMPATH\CodeIgniter.php(361): CodeIgniter\CodeIgniter->handleRequest(null, Object(Config\Cache), false)
 7 FCPATH\index.php(79): CodeIgniter\CodeIgniter->run()
CRITICAL - 2024-03-19 13:28:40 --> CodeIgniter\View\Exceptions\ViewException: Invalid file: "upload_form.php"
in SYSTEMPATH\Exceptions\FrameworkException.php on line 39.
 1 SYSTEMPATH\View\View.php(216): CodeIgniter\Exceptions\FrameworkException::forInvalidFile('upload_form.php')
 2 SYSTEMPATH\Common.php(1178): CodeIgniter\View\View->render('upload_form', [], true)
 3 APPPATH\Controllers\Upload.php(10): view('upload_form')
 4 SYSTEMPATH\CodeIgniter.php(941): App\Controllers\Upload->index()
 5 SYSTEMPATH\CodeIgniter.php(502): CodeIgniter\CodeIgniter->runController(Object(App\Controllers\Upload))
 6 SYSTEMPATH\CodeIgniter.php(361): CodeIgniter\CodeIgniter->handleRequest(null, Object(Config\Cache), false)
 7 FCPATH\index.php(79): CodeIgniter\CodeIgniter->run()
CRITICAL - 2024-03-19 13:28:41 --> CodeIgniter\View\Exceptions\ViewException: Invalid file: "upload_form.php"
in SYSTEMPATH\Exceptions\FrameworkException.php on line 39.
 1 SYSTEMPATH\View\View.php(216): CodeIgniter\Exceptions\FrameworkException::forInvalidFile('upload_form.php')
 2 SYSTEMPATH\Common.php(1178): CodeIgniter\View\View->render('upload_form', [], true)
 3 APPPATH\Controllers\Upload.php(10): view('upload_form')
 4 SYSTEMPATH\CodeIgniter.php(941): App\Controllers\Upload->index()
 5 SYSTEMPATH\CodeIgniter.php(502): CodeIgniter\CodeIgniter->runController(Object(App\Controllers\Upload))
 6 SYSTEMPATH\CodeIgniter.php(361): CodeIgniter\CodeIgniter->handleRequest(null, Object(Config\Cache), false)
 7 FCPATH\index.php(79): CodeIgniter\CodeIgniter->run()
CRITICAL - 2024-03-19 13:28:42 --> CodeIgniter\View\Exceptions\ViewException: Invalid file: "upload_form.php"
in SYSTEMPATH\Exceptions\FrameworkException.php on line 39.
 1 SYSTEMPATH\View\View.php(216): CodeIgniter\Exceptions\FrameworkException::forInvalidFile('upload_form.php')
 2 SYSTEMPATH\Common.php(1178): CodeIgniter\View\View->render('upload_form', [], true)
 3 APPPATH\Controllers\Upload.php(10): view('upload_form')
 4 SYSTEMPATH\CodeIgniter.php(941): App\Controllers\Upload->index()
 5 SYSTEMPATH\CodeIgniter.php(502): CodeIgniter\CodeIgniter->runController(Object(App\Controllers\Upload))
 6 SYSTEMPATH\CodeIgniter.php(361): CodeIgniter\CodeIgniter->handleRequest(null, Object(Config\Cache), false)
 7 FCPATH\index.php(79): CodeIgniter\CodeIgniter->run()
CRITICAL - 2024-03-19 13:28:42 --> CodeIgniter\View\Exceptions\ViewException: Invalid file: "upload_form.php"
in SYSTEMPATH\Exceptions\FrameworkException.php on line 39.
 1 SYSTEMPATH\View\View.php(216): CodeIgniter\Exceptions\FrameworkException::forInvalidFile('upload_form.php')
 2 SYSTEMPATH\Common.php(1178): CodeIgniter\View\View->render('upload_form', [], true)
 3 APPPATH\Controllers\Upload.php(10): view('upload_form')
 4 SYSTEMPATH\CodeIgniter.php(941): App\Controllers\Upload->index()
 5 SYSTEMPATH\CodeIgniter.php(502): CodeIgniter\CodeIgniter->runController(Object(App\Controllers\Upload))
 6 SYSTEMPATH\CodeIgniter.php(361): CodeIgniter\CodeIgniter->handleRequest(null, Object(Config\Cache), false)
 7 FCPATH\index.php(79): CodeIgniter\CodeIgniter->run()
CRITICAL - 2024-03-19 13:31:37 --> CodeIgniter\View\Exceptions\ViewException: Invalid file: "upload_form.php"
in SYSTEMPATH\Exceptions\FrameworkException.php on line 39.
 1 SYSTEMPATH\View\View.php(216): CodeIgniter\Exceptions\FrameworkException::forInvalidFile('upload_form.php')
 2 SYSTEMPATH\Common.php(1178): CodeIgniter\View\View->render('upload_form', [], true)
 3 APPPATH\Controllers\Upload.php(10): view('upload_form')
 4 SYSTEMPATH\CodeIgniter.php(941): App\Controllers\Upload->index()
 5 SYSTEMPATH\CodeIgniter.php(502): CodeIgniter\CodeIgniter->runController(Object(App\Controllers\Upload))
 6 SYSTEMPATH\CodeIgniter.php(361): CodeIgniter\CodeIgniter->handleRequest(null, Object(Config\Cache), false)
 7 FCPATH\index.php(79): CodeIgniter\CodeIgniter->run()
CRITICAL - 2024-03-19 13:31:37 --> CodeIgniter\View\Exceptions\ViewException: Invalid file: "upload_form.php"
in SYSTEMPATH\Exceptions\FrameworkException.php on line 39.
 1 SYSTEMPATH\View\View.php(216): CodeIgniter\Exceptions\FrameworkException::forInvalidFile('upload_form.php')
 2 SYSTEMPATH\Common.php(1178): CodeIgniter\View\View->render('upload_form', [], true)
 3 APPPATH\Controllers\Upload.php(10): view('upload_form')
 4 SYSTEMPATH\CodeIgniter.php(941): App\Controllers\Upload->index()
 5 SYSTEMPATH\CodeIgniter.php(502): CodeIgniter\CodeIgniter->runController(Object(App\Controllers\Upload))
 6 SYSTEMPATH\CodeIgniter.php(361): CodeIgniter\CodeIgniter->handleRequest(null, Object(Config\Cache), false)
 7 FCPATH\index.php(79): CodeIgniter\CodeIgniter->run()
CRITICAL - 2024-03-19 13:31:37 --> CodeIgniter\View\Exceptions\ViewException: Invalid file: "upload_form.php"
in SYSTEMPATH\Exceptions\FrameworkException.php on line 39.
 1 SYSTEMPATH\View\View.php(216): CodeIgniter\Exceptions\FrameworkException::forInvalidFile('upload_form.php')
 2 SYSTEMPATH\Common.php(1178): CodeIgniter\View\View->render('upload_form', [], true)
 3 APPPATH\Controllers\Upload.php(10): view('upload_form')
 4 SYSTEMPATH\CodeIgniter.php(941): App\Controllers\Upload->index()
 5 SYSTEMPATH\CodeIgniter.php(502): CodeIgniter\CodeIgniter->runController(Object(App\Controllers\Upload))
 6 SYSTEMPATH\CodeIgniter.php(361): CodeIgniter\CodeIgniter->handleRequest(null, Object(Config\Cache), false)
 7 FCPATH\index.php(79): CodeIgniter\CodeIgniter->run()
CRITICAL - 2024-03-19 13:31:38 --> CodeIgniter\View\Exceptions\ViewException: Invalid file: "upload_form.php"
in SYSTEMPATH\Exceptions\FrameworkException.php on line 39.
 1 SYSTEMPATH\View\View.php(216): CodeIgniter\Exceptions\FrameworkException::forInvalidFile('upload_form.php')
 2 SYSTEMPATH\Common.php(1178): CodeIgniter\View\View->render('upload_form', [], true)
 3 APPPATH\Controllers\Upload.php(10): view('upload_form')
 4 SYSTEMPATH\CodeIgniter.php(941): App\Controllers\Upload->index()
 5 SYSTEMPATH\CodeIgniter.php(502): CodeIgniter\CodeIgniter->runController(Object(App\Controllers\Upload))
 6 SYSTEMPATH\CodeIgniter.php(361): CodeIgniter\CodeIgniter->handleRequest(null, Object(Config\Cache), false)
 7 FCPATH\index.php(79): CodeIgniter\CodeIgniter->run()
CRITICAL - 2024-03-19 13:31:38 --> CodeIgniter\View\Exceptions\ViewException: Invalid file: "upload_form.php"
in SYSTEMPATH\Exceptions\FrameworkException.php on line 39.
 1 SYSTEMPATH\View\View.php(216): CodeIgniter\Exceptions\FrameworkException::forInvalidFile('upload_form.php')
 2 SYSTEMPATH\Common.php(1178): CodeIgniter\View\View->render('upload_form', [], true)
 3 APPPATH\Controllers\Upload.php(10): view('upload_form')
 4 SYSTEMPATH\CodeIgniter.php(941): App\Controllers\Upload->index()
 5 SYSTEMPATH\CodeIgniter.php(502): CodeIgniter\CodeIgniter->runController(Object(App\Controllers\Upload))
 6 SYSTEMPATH\CodeIgniter.php(361): CodeIgniter\CodeIgniter->handleRequest(null, Object(Config\Cache), false)
 7 FCPATH\index.php(79): CodeIgniter\CodeIgniter->run()
CRITICAL - 2024-03-19 13:31:39 --> CodeIgniter\View\Exceptions\ViewException: Invalid file: "upload_form.php"
in SYSTEMPATH\Exceptions\FrameworkException.php on line 39.
 1 SYSTEMPATH\View\View.php(216): CodeIgniter\Exceptions\FrameworkException::forInvalidFile('upload_form.php')
 2 SYSTEMPATH\Common.php(1178): CodeIgniter\View\View->render('upload_form', [], true)
 3 APPPATH\Controllers\Upload.php(10): view('upload_form')
 4 SYSTEMPATH\CodeIgniter.php(941): App\Controllers\Upload->index()
 5 SYSTEMPATH\CodeIgniter.php(502): CodeIgniter\CodeIgniter->runController(Object(App\Controllers\Upload))
 6 SYSTEMPATH\CodeIgniter.php(361): CodeIgniter\CodeIgniter->handleRequest(null, Object(Config\Cache), false)
 7 FCPATH\index.php(79): CodeIgniter\CodeIgniter->run()
ERROR - 2024-03-19 13:32:07 --> Error connecting to the database: mysqli_sql_exception: Access denied for user ''@'localhost' (using password: NO) in C:\xampp\htdocs\cig4upload\system\Database\MySQLi\Connection.php:184
Stack trace:
#0 C:\xampp\htdocs\cig4upload\system\Database\MySQLi\Connection.php(184): mysqli->real_connect('localhost', '', Object(SensitiveParameterValue), 'swe', 3306, '', 0)
#1 C:\xampp\htdocs\cig4upload\system\Database\BaseConnection.php(392): CodeIgniter\Database\MySQLi\Connection->connect(false)
#2 C:\xampp\htdocs\cig4upload\system\Database\BaseConnection.php(575): CodeIgniter\Database\BaseConnection->initialize()
#3 C:\xampp\htdocs\cig4upload\system\Database\BaseBuilder.php(2307): CodeIgniter\Database\BaseConnection->query('INSERT INTO `up...', Array, false)
#4 C:\xampp\htdocs\cig4upload\system\Model.php(326): CodeIgniter\Database\BaseBuilder->insert()
#5 C:\xampp\htdocs\cig4upload\system\BaseModel.php(802): CodeIgniter\Model->doInsert(Array)
#6 C:\xampp\htdocs\cig4upload\system\Model.php(744): CodeIgniter\BaseModel->insert(Array, false)
#7 C:\xampp\htdocs\cig4upload\system\BaseModel.php(713): CodeIgniter\Model->insert(Array, false)
#8 C:\xampp\htdocs\cig4upload\app\Controllers\Upload.php(23): CodeIgniter\BaseModel->save(Array)
#9 C:\xampp\htdocs\cig4upload\system\CodeIgniter.php(941): App\Controllers\Upload->uploadFile()
#10 C:\xampp\htdocs\cig4upload\system\CodeIgniter.php(502): CodeIgniter\CodeIgniter->runController(Object(App\Controllers\Upload))
#11 C:\xampp\htdocs\cig4upload\system\CodeIgniter.php(361): CodeIgniter\CodeIgniter->handleRequest(NULL, Object(Config\Cache), false)
#12 C:\xampp\htdocs\cig4upload\public\index.php(79): CodeIgniter\CodeIgniter->run()
#13 {main}

Next CodeIgniter\Database\Exceptions\DatabaseException: Access denied for user ''@'localhost' (using password: NO) in C:\xampp\htdocs\cig4upload\system\Database\MySQLi\Connection.php:229
Stack trace:
#0 C:\xampp\htdocs\cig4upload\system\Database\BaseConnection.php(392): CodeIgniter\Database\MySQLi\Connection->connect(false)
#1 C:\xampp\htdocs\cig4upload\system\Database\BaseConnection.php(575): CodeIgniter\Database\BaseConnection->initialize()
#2 C:\xampp\htdocs\cig4upload\system\Database\BaseBuilder.php(2307): CodeIgniter\Database\BaseConnection->query('INSERT INTO `up...', Array, false)
#3 C:\xampp\htdocs\cig4upload\system\Model.php(326): CodeIgniter\Database\BaseBuilder->insert()
#4 C:\xampp\htdocs\cig4upload\system\BaseModel.php(802): CodeIgniter\Model->doInsert(Array)
#5 C:\xampp\htdocs\cig4upload\system\Model.php(744): CodeIgniter\BaseModel->insert(Array, false)
#6 C:\xampp\htdocs\cig4upload\system\BaseModel.php(713): CodeIgniter\Model->insert(Array, false)
#7 C:\xampp\htdocs\cig4upload\app\Controllers\Upload.php(23): CodeIgniter\BaseModel->save(Array)
#8 C:\xampp\htdocs\cig4upload\system\CodeIgniter.php(941): App\Controllers\Upload->uploadFile()
#9 C:\xampp\htdocs\cig4upload\system\CodeIgniter.php(502): CodeIgniter\CodeIgniter->runController(Object(App\Controllers\Upload))
#10 C:\xampp\htdocs\cig4upload\system\CodeIgniter.php(361): CodeIgniter\CodeIgniter->handleRequest(NULL, Object(Config\Cache), false)
#11 C:\xampp\htdocs\cig4upload\public\index.php(79): CodeIgniter\CodeIgniter->run()
#12 {main}
CRITICAL - 2024-03-19 13:32:07 --> CodeIgniter\Database\Exceptions\DatabaseException: Unable to connect to the database.
Main connection [MySQLi]: Access denied for user ''@'localhost' (using password: NO)
in SYSTEMPATH\Database\BaseConnection.php on line 428.
 1 SYSTEMPATH\Database\BaseConnection.php(575): CodeIgniter\Database\BaseConnection->initialize()
 2 SYSTEMPATH\Database\BaseBuilder.php(2307): CodeIgniter\Database\BaseConnection->query('INSERT INTO `uploads` (`file_name`, `file_type`, `file_path`) VALUES (:file_name:, :file_type:, :file_path:)', [...], false)
 3 SYSTEMPATH\Model.php(326): CodeIgniter\Database\BaseBuilder->insert()
 4 SYSTEMPATH\BaseModel.php(802): CodeIgniter\Model->doInsert([...])
 5 SYSTEMPATH\Model.php(744): CodeIgniter\BaseModel->insert([...], false)
 6 SYSTEMPATH\BaseModel.php(713): CodeIgniter\Model->insert([...], false)
 7 APPPATH\Controllers\Upload.php(23): CodeIgniter\BaseModel->save([...])
 8 SYSTEMPATH\CodeIgniter.php(941): App\Controllers\Upload->uploadFile()
 9 SYSTEMPATH\CodeIgniter.php(502): CodeIgniter\CodeIgniter->runController(Object(App\Controllers\Upload))
10 SYSTEMPATH\CodeIgniter.php(361): CodeIgniter\CodeIgniter->handleRequest(null, Object(Config\Cache), false)
11 FCPATH\index.php(79): CodeIgniter\CodeIgniter->run()
ERROR - 2024-03-19 13:33:06 --> Error connecting to the database: mysqli_sql_exception: Access denied for user ''@'localhost' (using password: NO) in C:\xampp\htdocs\cig4upload\system\Database\MySQLi\Connection.php:184
Stack trace:
#0 C:\xampp\htdocs\cig4upload\system\Database\MySQLi\Connection.php(184): mysqli->real_connect('localhost', '', Object(SensitiveParameterValue), 'swe', 3306, '', 0)
#1 C:\xampp\htdocs\cig4upload\system\Database\BaseConnection.php(392): CodeIgniter\Database\MySQLi\Connection->connect(false)
#2 C:\xampp\htdocs\cig4upload\system\Database\BaseConnection.php(575): CodeIgniter\Database\BaseConnection->initialize()
#3 C:\xampp\htdocs\cig4upload\system\Database\BaseBuilder.php(2307): CodeIgniter\Database\BaseConnection->query('INSERT INTO `up...', Array, false)
#4 C:\xampp\htdocs\cig4upload\system\Model.php(326): CodeIgniter\Database\BaseBuilder->insert()
#5 C:\xampp\htdocs\cig4upload\system\BaseModel.php(802): CodeIgniter\Model->doInsert(Array)
#6 C:\xampp\htdocs\cig4upload\system\Model.php(744): CodeIgniter\BaseModel->insert(Array, false)
#7 C:\xampp\htdocs\cig4upload\system\BaseModel.php(713): CodeIgniter\Model->insert(Array, false)
#8 C:\xampp\htdocs\cig4upload\app\Controllers\Upload.php(23): CodeIgniter\BaseModel->save(Array)
#9 C:\xampp\htdocs\cig4upload\system\CodeIgniter.php(941): App\Controllers\Upload->uploadFile()
#10 C:\xampp\htdocs\cig4upload\system\CodeIgniter.php(502): CodeIgniter\CodeIgniter->runController(Object(App\Controllers\Upload))
#11 C:\xampp\htdocs\cig4upload\system\CodeIgniter.php(361): CodeIgniter\CodeIgniter->handleRequest(NULL, Object(Config\Cache), false)
#12 C:\xampp\htdocs\cig4upload\public\index.php(79): CodeIgniter\CodeIgniter->run()
#13 {main}

Next CodeIgniter\Database\Exceptions\DatabaseException: Access denied for user ''@'localhost' (using password: NO) in C:\xampp\htdocs\cig4upload\system\Database\MySQLi\Connection.php:229
Stack trace:
#0 C:\xampp\htdocs\cig4upload\system\Database\BaseConnection.php(392): CodeIgniter\Database\MySQLi\Connection->connect(false)
#1 C:\xampp\htdocs\cig4upload\system\Database\BaseConnection.php(575): CodeIgniter\Database\BaseConnection->initialize()
#2 C:\xampp\htdocs\cig4upload\system\Database\BaseBuilder.php(2307): CodeIgniter\Database\BaseConnection->query('INSERT INTO `up...', Array, false)
#3 C:\xampp\htdocs\cig4upload\system\Model.php(326): CodeIgniter\Database\BaseBuilder->insert()
#4 C:\xampp\htdocs\cig4upload\system\BaseModel.php(802): CodeIgniter\Model->doInsert(Array)
#5 C:\xampp\htdocs\cig4upload\system\Model.php(744): CodeIgniter\BaseModel->insert(Array, false)
#6 C:\xampp\htdocs\cig4upload\system\BaseModel.php(713): CodeIgniter\Model->insert(Array, false)
#7 C:\xampp\htdocs\cig4upload\app\Controllers\Upload.php(23): CodeIgniter\BaseModel->save(Array)
#8 C:\xampp\htdocs\cig4upload\system\CodeIgniter.php(941): App\Controllers\Upload->uploadFile()
#9 C:\xampp\htdocs\cig4upload\system\CodeIgniter.php(502): CodeIgniter\CodeIgniter->runController(Object(App\Controllers\Upload))
#10 C:\xampp\htdocs\cig4upload\system\CodeIgniter.php(361): CodeIgniter\CodeIgniter->handleRequest(NULL, Object(Config\Cache), false)
#11 C:\xampp\htdocs\cig4upload\public\index.php(79): CodeIgniter\CodeIgniter->run()
#12 {main}
CRITICAL - 2024-03-19 13:33:06 --> CodeIgniter\Database\Exceptions\DatabaseException: Unable to connect to the database.
Main connection [MySQLi]: Access denied for user ''@'localhost' (using password: NO)
in SYSTEMPATH\Database\BaseConnection.php on line 428.
 1 SYSTEMPATH\Database\BaseConnection.php(575): CodeIgniter\Database\BaseConnection->initialize()
 2 SYSTEMPATH\Database\BaseBuilder.php(2307): CodeIgniter\Database\BaseConnection->query('INSERT INTO `uploads` (`file_name`, `file_type`, `file_path`) VALUES (:file_name:, :file_type:, :file_path:)', [...], false)
 3 SYSTEMPATH\Model.php(326): CodeIgniter\Database\BaseBuilder->insert()
 4 SYSTEMPATH\BaseModel.php(802): CodeIgniter\Model->doInsert([...])
 5 SYSTEMPATH\Model.php(744): CodeIgniter\BaseModel->insert([...], false)
 6 SYSTEMPATH\BaseModel.php(713): CodeIgniter\Model->insert([...], false)
 7 APPPATH\Controllers\Upload.php(23): CodeIgniter\BaseModel->save([...])
 8 SYSTEMPATH\CodeIgniter.php(941): App\Controllers\Upload->uploadFile()
 9 SYSTEMPATH\CodeIgniter.php(502): CodeIgniter\CodeIgniter->runController(Object(App\Controllers\Upload))
10 SYSTEMPATH\CodeIgniter.php(361): CodeIgniter\CodeIgniter->handleRequest(null, Object(Config\Cache), false)
11 FCPATH\index.php(79): CodeIgniter\CodeIgniter->run()
ERROR - 2024-03-19 13:36:25 --> Error connecting to the database: mysqli_sql_exception: Access denied for user ''@'localhost' (using password: NO) in C:\xampp\htdocs\cig4upload\system\Database\MySQLi\Connection.php:184
Stack trace:
#0 C:\xampp\htdocs\cig4upload\system\Database\MySQLi\Connection.php(184): mysqli->real_connect('localhost', '', Object(SensitiveParameterValue), 'swe', 3306, '', 0)
#1 C:\xampp\htdocs\cig4upload\system\Database\BaseConnection.php(392): CodeIgniter\Database\MySQLi\Connection->connect(false)
#2 C:\xampp\htdocs\cig4upload\system\Database\BaseConnection.php(575): CodeIgniter\Database\BaseConnection->initialize()
#3 C:\xampp\htdocs\cig4upload\system\Database\BaseBuilder.php(1616): CodeIgniter\Database\BaseConnection->query('SELECT *\nFROM `...', Array, false)
#4 C:\xampp\htdocs\cig4upload\system\Model.php(242): CodeIgniter\Database\BaseBuilder->get()
#5 C:\xampp\htdocs\cig4upload\system\BaseModel.php(638): CodeIgniter\Model->doFindAll(0, 0)
#6 C:\xampp\htdocs\cig4upload\app\Controllers\Upload.php(36): CodeIgniter\BaseModel->findAll()
#7 C:\xampp\htdocs\cig4upload\system\CodeIgniter.php(941): App\Controllers\Upload->listFiles()
#8 C:\xampp\htdocs\cig4upload\system\CodeIgniter.php(502): CodeIgniter\CodeIgniter->runController(Object(App\Controllers\Upload))
#9 C:\xampp\htdocs\cig4upload\system\CodeIgniter.php(361): CodeIgniter\CodeIgniter->handleRequest(NULL, Object(Config\Cache), false)
#10 C:\xampp\htdocs\cig4upload\public\index.php(79): CodeIgniter\CodeIgniter->run()
#11 {main}

Next CodeIgniter\Database\Exceptions\DatabaseException: Access denied for user ''@'localhost' (using password: NO) in C:\xampp\htdocs\cig4upload\system\Database\MySQLi\Connection.php:229
Stack trace:
#0 C:\xampp\htdocs\cig4upload\system\Database\BaseConnection.php(392): CodeIgniter\Database\MySQLi\Connection->connect(false)
#1 C:\xampp\htdocs\cig4upload\system\Database\BaseConnection.php(575): CodeIgniter\Database\BaseConnection->initialize()
#2 C:\xampp\htdocs\cig4upload\system\Database\BaseBuilder.php(1616): CodeIgniter\Database\BaseConnection->query('SELECT *\nFROM `...', Array, false)
#3 C:\xampp\htdocs\cig4upload\system\Model.php(242): CodeIgniter\Database\BaseBuilder->get()
#4 C:\xampp\htdocs\cig4upload\system\BaseModel.php(638): CodeIgniter\Model->doFindAll(0, 0)
#5 C:\xampp\htdocs\cig4upload\app\Controllers\Upload.php(36): CodeIgniter\BaseModel->findAll()
#6 C:\xampp\htdocs\cig4upload\system\CodeIgniter.php(941): App\Controllers\Upload->listFiles()
#7 C:\xampp\htdocs\cig4upload\system\CodeIgniter.php(502): CodeIgniter\CodeIgniter->runController(Object(App\Controllers\Upload))
#8 C:\xampp\htdocs\cig4upload\system\CodeIgniter.php(361): CodeIgniter\CodeIgniter->handleRequest(NULL, Object(Config\Cache), false)
#9 C:\xampp\htdocs\cig4upload\public\index.php(79): CodeIgniter\CodeIgniter->run()
#10 {main}
CRITICAL - 2024-03-19 13:36:25 --> CodeIgniter\Database\Exceptions\DatabaseException: Unable to connect to the database.
Main connection [MySQLi]: Access denied for user ''@'localhost' (using password: NO)
in SYSTEMPATH\Database\BaseConnection.php on line 428.
 1 SYSTEMPATH\Database\BaseConnection.php(575): CodeIgniter\Database\BaseConnection->initialize()
 2 SYSTEMPATH\Database\BaseBuilder.php(1616): CodeIgniter\Database\BaseConnection->query('SELECT *
FROM `uploads`', [], false)
 3 SYSTEMPATH\Model.php(242): CodeIgniter\Database\BaseBuilder->get()
 4 SYSTEMPATH\BaseModel.php(638): CodeIgniter\Model->doFindAll(0, 0)
 5 APPPATH\Controllers\Upload.php(36): CodeIgniter\BaseModel->findAll()
 6 SYSTEMPATH\CodeIgniter.php(941): App\Controllers\Upload->listFiles()
 7 SYSTEMPATH\CodeIgniter.php(502): CodeIgniter\CodeIgniter->runController(Object(App\Controllers\Upload))
 8 SYSTEMPATH\CodeIgniter.php(361): CodeIgniter\CodeIgniter->handleRequest(null, Object(Config\Cache), false)
 9 FCPATH\index.php(79): CodeIgniter\CodeIgniter->run()
ERROR - 2024-03-19 13:37:12 --> Error connecting to the database: mysqli_sql_exception: Access denied for user ''@'localhost' (using password: NO) in C:\xampp\htdocs\cig4upload\system\Database\MySQLi\Connection.php:184
Stack trace:
#0 C:\xampp\htdocs\cig4upload\system\Database\MySQLi\Connection.php(184): mysqli->real_connect('localhost', '', Object(SensitiveParameterValue), 'swe', 3306, '', 0)
#1 C:\xampp\htdocs\cig4upload\system\Database\BaseConnection.php(392): CodeIgniter\Database\MySQLi\Connection->connect(false)
#2 C:\xampp\htdocs\cig4upload\system\Database\BaseConnection.php(575): CodeIgniter\Database\BaseConnection->initialize()
#3 C:\xampp\htdocs\cig4upload\system\Database\BaseBuilder.php(1616): CodeIgniter\Database\BaseConnection->query('SELECT *\nFROM `...', Array, false)
#4 C:\xampp\htdocs\cig4upload\system\Model.php(242): CodeIgniter\Database\BaseBuilder->get()
#5 C:\xampp\htdocs\cig4upload\system\BaseModel.php(638): CodeIgniter\Model->doFindAll(0, 0)
#6 C:\xampp\htdocs\cig4upload\app\Controllers\Upload.php(36): CodeIgniter\BaseModel->findAll()
#7 C:\xampp\htdocs\cig4upload\system\CodeIgniter.php(941): App\Controllers\Upload->listFiles()
#8 C:\xampp\htdocs\cig4upload\system\CodeIgniter.php(502): CodeIgniter\CodeIgniter->runController(Object(App\Controllers\Upload))
#9 C:\xampp\htdocs\cig4upload\system\CodeIgniter.php(361): CodeIgniter\CodeIgniter->handleRequest(NULL, Object(Config\Cache), false)
#10 C:\xampp\htdocs\cig4upload\public\index.php(79): CodeIgniter\CodeIgniter->run()
#11 {main}

Next CodeIgniter\Database\Exceptions\DatabaseException: Access denied for user ''@'localhost' (using password: NO) in C:\xampp\htdocs\cig4upload\system\Database\MySQLi\Connection.php:229
Stack trace:
#0 C:\xampp\htdocs\cig4upload\system\Database\BaseConnection.php(392): CodeIgniter\Database\MySQLi\Connection->connect(false)
#1 C:\xampp\htdocs\cig4upload\system\Database\BaseConnection.php(575): CodeIgniter\Database\BaseConnection->initialize()
#2 C:\xampp\htdocs\cig4upload\system\Database\BaseBuilder.php(1616): CodeIgniter\Database\BaseConnection->query('SELECT *\nFROM `...', Array, false)
#3 C:\xampp\htdocs\cig4upload\system\Model.php(242): CodeIgniter\Database\BaseBuilder->get()
#4 C:\xampp\htdocs\cig4upload\system\BaseModel.php(638): CodeIgniter\Model->doFindAll(0, 0)
#5 C:\xampp\htdocs\cig4upload\app\Controllers\Upload.php(36): CodeIgniter\BaseModel->findAll()
#6 C:\xampp\htdocs\cig4upload\system\CodeIgniter.php(941): App\Controllers\Upload->listFiles()
#7 C:\xampp\htdocs\cig4upload\system\CodeIgniter.php(502): CodeIgniter\CodeIgniter->runController(Object(App\Controllers\Upload))
#8 C:\xampp\htdocs\cig4upload\system\CodeIgniter.php(361): CodeIgniter\CodeIgniter->handleRequest(NULL, Object(Config\Cache), false)
#9 C:\xampp\htdocs\cig4upload\public\index.php(79): CodeIgniter\CodeIgniter->run()
#10 {main}
CRITICAL - 2024-03-19 13:37:12 --> CodeIgniter\Database\Exceptions\DatabaseException: Unable to connect to the database.
Main connection [MySQLi]: Access denied for user ''@'localhost' (using password: NO)
in SYSTEMPATH\Database\BaseConnection.php on line 428.
 1 SYSTEMPATH\Database\BaseConnection.php(575): CodeIgniter\Database\BaseConnection->initialize()
 2 SYSTEMPATH\Database\BaseBuilder.php(1616): CodeIgniter\Database\BaseConnection->query('SELECT *
FROM `uploads`', [], false)
 3 SYSTEMPATH\Model.php(242): CodeIgniter\Database\BaseBuilder->get()
 4 SYSTEMPATH\BaseModel.php(638): CodeIgniter\Model->doFindAll(0, 0)
 5 APPPATH\Controllers\Upload.php(36): CodeIgniter\BaseModel->findAll()
 6 SYSTEMPATH\CodeIgniter.php(941): App\Controllers\Upload->listFiles()
 7 SYSTEMPATH\CodeIgniter.php(502): CodeIgniter\CodeIgniter->runController(Object(App\Controllers\Upload))
 8 SYSTEMPATH\CodeIgniter.php(361): CodeIgniter\CodeIgniter->handleRequest(null, Object(Config\Cache), false)
 9 FCPATH\index.php(79): CodeIgniter\CodeIgniter->run()
CRITICAL - 2024-03-19 13:37:24 --> CodeIgniter\View\Exceptions\ViewException: Invalid file: "upload_form.php"
in SYSTEMPATH\Exceptions\FrameworkException.php on line 39.
 1 SYSTEMPATH\View\View.php(216): CodeIgniter\Exceptions\FrameworkException::forInvalidFile('upload_form.php')
 2 SYSTEMPATH\Common.php(1178): CodeIgniter\View\View->render('upload_form', [], true)
 3 APPPATH\Controllers\Upload.php(10): view('upload_form')
 4 SYSTEMPATH\CodeIgniter.php(941): App\Controllers\Upload->index()
 5 SYSTEMPATH\CodeIgniter.php(502): CodeIgniter\CodeIgniter->runController(Object(App\Controllers\Upload))
 6 SYSTEMPATH\CodeIgniter.php(361): CodeIgniter\CodeIgniter->handleRequest(null, Object(Config\Cache), false)
 7 FCPATH\index.php(79): CodeIgniter\CodeIgniter->run()
CRITICAL - 2024-03-19 13:37:26 --> CodeIgniter\View\Exceptions\ViewException: Invalid file: "upload_form.php"
in SYSTEMPATH\Exceptions\FrameworkException.php on line 39.
 1 SYSTEMPATH\View\View.php(216): CodeIgniter\Exceptions\FrameworkException::forInvalidFile('upload_form.php')
 2 SYSTEMPATH\Common.php(1178): CodeIgniter\View\View->render('upload_form', [], true)
 3 APPPATH\Controllers\Upload.php(10): view('upload_form')
 4 SYSTEMPATH\CodeIgniter.php(941): App\Controllers\Upload->index()
 5 SYSTEMPATH\CodeIgniter.php(502): CodeIgniter\CodeIgniter->runController(Object(App\Controllers\Upload))
 6 SYSTEMPATH\CodeIgniter.php(361): CodeIgniter\CodeIgniter->handleRequest(null, Object(Config\Cache), false)
 7 FCPATH\index.php(79): CodeIgniter\CodeIgniter->run()
CRITICAL - 2024-03-19 13:37:27 --> CodeIgniter\View\Exceptions\ViewException: Invalid file: "upload_form.php"
in SYSTEMPATH\Exceptions\FrameworkException.php on line 39.
 1 SYSTEMPATH\View\View.php(216): CodeIgniter\Exceptions\FrameworkException::forInvalidFile('upload_form.php')
 2 SYSTEMPATH\Common.php(1178): CodeIgniter\View\View->render('upload_form', [], true)
 3 APPPATH\Controllers\Upload.php(10): view('upload_form')
 4 SYSTEMPATH\CodeIgniter.php(941): App\Controllers\Upload->index()
 5 SYSTEMPATH\CodeIgniter.php(502): CodeIgniter\CodeIgniter->runController(Object(App\Controllers\Upload))
 6 SYSTEMPATH\CodeIgniter.php(361): CodeIgniter\CodeIgniter->handleRequest(null, Object(Config\Cache), false)
 7 FCPATH\index.php(79): CodeIgniter\CodeIgniter->run()
CRITICAL - 2024-03-19 13:37:27 --> CodeIgniter\View\Exceptions\ViewException: Invalid file: "upload_form.php"
in SYSTEMPATH\Exceptions\FrameworkException.php on line 39.
 1 SYSTEMPATH\View\View.php(216): CodeIgniter\Exceptions\FrameworkException::forInvalidFile('upload_form.php')
 2 SYSTEMPATH\Common.php(1178): CodeIgniter\View\View->render('upload_form', [], true)
 3 APPPATH\Controllers\Upload.php(10): view('upload_form')
 4 SYSTEMPATH\CodeIgniter.php(941): App\Controllers\Upload->index()
 5 SYSTEMPATH\CodeIgniter.php(502): CodeIgniter\CodeIgniter->runController(Object(App\Controllers\Upload))
 6 SYSTEMPATH\CodeIgniter.php(361): CodeIgniter\CodeIgniter->handleRequest(null, Object(Config\Cache), false)
 7 FCPATH\index.php(79): CodeIgniter\CodeIgniter->run()
ERROR - 2024-03-19 13:39:34 --> Error connecting to the database: mysqli_sql_exception: Access denied for user ''@'localhost' (using password: NO) in C:\xampp\htdocs\cig4upload\system\Database\MySQLi\Connection.php:184
Stack trace:
#0 C:\xampp\htdocs\cig4upload\system\Database\MySQLi\Connection.php(184): mysqli->real_connect('localhost', '', Object(SensitiveParameterValue), 'swe', 3306, '', 0)
#1 C:\xampp\htdocs\cig4upload\system\Database\BaseConnection.php(392): CodeIgniter\Database\MySQLi\Connection->connect(false)
#2 C:\xampp\htdocs\cig4upload\system\Database\BaseConnection.php(575): CodeIgniter\Database\BaseConnection->initialize()
#3 C:\xampp\htdocs\cig4upload\system\Database\BaseBuilder.php(2307): CodeIgniter\Database\BaseConnection->query('INSERT INTO `up...', Array, false)
#4 C:\xampp\htdocs\cig4upload\system\Model.php(326): CodeIgniter\Database\BaseBuilder->insert()
#5 C:\xampp\htdocs\cig4upload\system\BaseModel.php(802): CodeIgniter\Model->doInsert(Array)
#6 C:\xampp\htdocs\cig4upload\system\Model.php(744): CodeIgniter\BaseModel->insert(Array, false)
#7 C:\xampp\htdocs\cig4upload\system\BaseModel.php(713): CodeIgniter\Model->insert(Array, false)
#8 C:\xampp\htdocs\cig4upload\app\Controllers\Upload.php(23): CodeIgniter\BaseModel->save(Array)
#9 C:\xampp\htdocs\cig4upload\system\CodeIgniter.php(941): App\Controllers\Upload->uploadFile()
#10 C:\xampp\htdocs\cig4upload\system\CodeIgniter.php(502): CodeIgniter\CodeIgniter->runController(Object(App\Controllers\Upload))
#11 C:\xampp\htdocs\cig4upload\system\CodeIgniter.php(361): CodeIgniter\CodeIgniter->handleRequest(NULL, Object(Config\Cache), false)
#12 C:\xampp\htdocs\cig4upload\public\index.php(79): CodeIgniter\CodeIgniter->run()
#13 {main}

Next CodeIgniter\Database\Exceptions\DatabaseException: Access denied for user ''@'localhost' (using password: NO) in C:\xampp\htdocs\cig4upload\system\Database\MySQLi\Connection.php:229
Stack trace:
#0 C:\xampp\htdocs\cig4upload\system\Database\BaseConnection.php(392): CodeIgniter\Database\MySQLi\Connection->connect(false)
#1 C:\xampp\htdocs\cig4upload\system\Database\BaseConnection.php(575): CodeIgniter\Database\BaseConnection->initialize()
#2 C:\xampp\htdocs\cig4upload\system\Database\BaseBuilder.php(2307): CodeIgniter\Database\BaseConnection->query('INSERT INTO `up...', Array, false)
#3 C:\xampp\htdocs\cig4upload\system\Model.php(326): CodeIgniter\Database\BaseBuilder->insert()
#4 C:\xampp\htdocs\cig4upload\system\BaseModel.php(802): CodeIgniter\Model->doInsert(Array)
#5 C:\xampp\htdocs\cig4upload\system\Model.php(744): CodeIgniter\BaseModel->insert(Array, false)
#6 C:\xampp\htdocs\cig4upload\system\BaseModel.php(713): CodeIgniter\Model->insert(Array, false)
#7 C:\xampp\htdocs\cig4upload\app\Controllers\Upload.php(23): CodeIgniter\BaseModel->save(Array)
#8 C:\xampp\htdocs\cig4upload\system\CodeIgniter.php(941): App\Controllers\Upload->uploadFile()
#9 C:\xampp\htdocs\cig4upload\system\CodeIgniter.php(502): CodeIgniter\CodeIgniter->runController(Object(App\Controllers\Upload))
#10 C:\xampp\htdocs\cig4upload\system\CodeIgniter.php(361): CodeIgniter\CodeIgniter->handleRequest(NULL, Object(Config\Cache), false)
#11 C:\xampp\htdocs\cig4upload\public\index.php(79): CodeIgniter\CodeIgniter->run()
#12 {main}
CRITICAL - 2024-03-19 13:39:34 --> CodeIgniter\Database\Exceptions\DatabaseException: Unable to connect to the database.
Main connection [MySQLi]: Access denied for user ''@'localhost' (using password: NO)
in SYSTEMPATH\Database\BaseConnection.php on line 428.
 1 SYSTEMPATH\Database\BaseConnection.php(575): CodeIgniter\Database\BaseConnection->initialize()
 2 SYSTEMPATH\Database\BaseBuilder.php(2307): CodeIgniter\Database\BaseConnection->query('INSERT INTO `uploads` (`file_name`, `file_type`, `file_path`) VALUES (:file_name:, :file_type:, :file_path:)', [...], false)
 3 SYSTEMPATH\Model.php(326): CodeIgniter\Database\BaseBuilder->insert()
 4 SYSTEMPATH\BaseModel.php(802): CodeIgniter\Model->doInsert([...])
 5 SYSTEMPATH\Model.php(744): CodeIgniter\BaseModel->insert([...], false)
 6 SYSTEMPATH\BaseModel.php(713): CodeIgniter\Model->insert([...], false)
 7 APPPATH\Controllers\Upload.php(23): CodeIgniter\BaseModel->save([...])
 8 SYSTEMPATH\CodeIgniter.php(941): App\Controllers\Upload->uploadFile()
 9 SYSTEMPATH\CodeIgniter.php(502): CodeIgniter\CodeIgniter->runController(Object(App\Controllers\Upload))
10 SYSTEMPATH\CodeIgniter.php(361): CodeIgniter\CodeIgniter->handleRequest(null, Object(Config\Cache), false)
11 FCPATH\index.php(79): CodeIgniter\CodeIgniter->run()
ERROR - 2024-03-19 13:46:47 --> Error connecting to the database: mysqli_sql_exception: Access denied for user ''@'localhost' (using password: NO) in C:\xampp\htdocs\cig4upload\system\Database\MySQLi\Connection.php:184
Stack trace:
#0 C:\xampp\htdocs\cig4upload\system\Database\MySQLi\Connection.php(184): mysqli->real_connect('localhost', '', Object(SensitiveParameterValue), 'swe', 3306, '', 0)
#1 C:\xampp\htdocs\cig4upload\system\Database\BaseConnection.php(392): CodeIgniter\Database\MySQLi\Connection->connect(false)
#2 C:\xampp\htdocs\cig4upload\system\Database\BaseConnection.php(575): CodeIgniter\Database\BaseConnection->initialize()
#3 C:\xampp\htdocs\cig4upload\system\Database\BaseBuilder.php(2307): CodeIgniter\Database\BaseConnection->query('INSERT INTO `up...', Array, false)
#4 C:\xampp\htdocs\cig4upload\system\Model.php(326): CodeIgniter\Database\BaseBuilder->insert()
#5 C:\xampp\htdocs\cig4upload\system\BaseModel.php(802): CodeIgniter\Model->doInsert(Array)
#6 C:\xampp\htdocs\cig4upload\system\Model.php(744): CodeIgniter\BaseModel->insert(Array, false)
#7 C:\xampp\htdocs\cig4upload\system\BaseModel.php(713): CodeIgniter\Model->insert(Array, false)
#8 C:\xampp\htdocs\cig4upload\app\Controllers\Upload.php(23): CodeIgniter\BaseModel->save(Array)
#9 C:\xampp\htdocs\cig4upload\system\CodeIgniter.php(941): App\Controllers\Upload->uploadFile()
#10 C:\xampp\htdocs\cig4upload\system\CodeIgniter.php(502): CodeIgniter\CodeIgniter->runController(Object(App\Controllers\Upload))
#11 C:\xampp\htdocs\cig4upload\system\CodeIgniter.php(361): CodeIgniter\CodeIgniter->handleRequest(NULL, Object(Config\Cache), false)
#12 C:\xampp\htdocs\cig4upload\public\index.php(79): CodeIgniter\CodeIgniter->run()
#13 {main}

Next CodeIgniter\Database\Exceptions\DatabaseException: Access denied for user ''@'localhost' (using password: NO) in C:\xampp\htdocs\cig4upload\system\Database\MySQLi\Connection.php:229
Stack trace:
#0 C:\xampp\htdocs\cig4upload\system\Database\BaseConnection.php(392): CodeIgniter\Database\MySQLi\Connection->connect(false)
#1 C:\xampp\htdocs\cig4upload\system\Database\BaseConnection.php(575): CodeIgniter\Database\BaseConnection->initialize()
#2 C:\xampp\htdocs\cig4upload\system\Database\BaseBuilder.php(2307): CodeIgniter\Database\BaseConnection->query('INSERT INTO `up...', Array, false)
#3 C:\xampp\htdocs\cig4upload\system\Model.php(326): CodeIgniter\Database\BaseBuilder->insert()
#4 C:\xampp\htdocs\cig4upload\system\BaseModel.php(802): CodeIgniter\Model->doInsert(Array)
#5 C:\xampp\htdocs\cig4upload\system\Model.php(744): CodeIgniter\BaseModel->insert(Array, false)
#6 C:\xampp\htdocs\cig4upload\system\BaseModel.php(713): CodeIgniter\Model->insert(Array, false)
#7 C:\xampp\htdocs\cig4upload\app\Controllers\Upload.php(23): CodeIgniter\BaseModel->save(Array)
#8 C:\xampp\htdocs\cig4upload\system\CodeIgniter.php(941): App\Controllers\Upload->uploadFile()
#9 C:\xampp\htdocs\cig4upload\system\CodeIgniter.php(502): CodeIgniter\CodeIgniter->runController(Object(App\Controllers\Upload))
#10 C:\xampp\htdocs\cig4upload\system\CodeIgniter.php(361): CodeIgniter\CodeIgniter->handleRequest(NULL, Object(Config\Cache), false)
#11 C:\xampp\htdocs\cig4upload\public\index.php(79): CodeIgniter\CodeIgniter->run()
#12 {main}
CRITICAL - 2024-03-19 13:46:47 --> CodeIgniter\Database\Exceptions\DatabaseException: Unable to connect to the database.
Main connection [MySQLi]: Access denied for user ''@'localhost' (using password: NO)
in SYSTEMPATH\Database\BaseConnection.php on line 428.
 1 SYSTEMPATH\Database\BaseConnection.php(575): CodeIgniter\Database\BaseConnection->initialize()
 2 SYSTEMPATH\Database\BaseBuilder.php(2307): CodeIgniter\Database\BaseConnection->query('INSERT INTO `uploads` (`file_name`, `file_type`, `file_path`) VALUES (:file_name:, :file_type:, :file_path:)', [...], false)
 3 SYSTEMPATH\Model.php(326): CodeIgniter\Database\BaseBuilder->insert()
 4 SYSTEMPATH\BaseModel.php(802): CodeIgniter\Model->doInsert([...])
 5 SYSTEMPATH\Model.php(744): CodeIgniter\BaseModel->insert([...], false)
 6 SYSTEMPATH\BaseModel.php(713): CodeIgniter\Model->insert([...], false)
 7 APPPATH\Controllers\Upload.php(23): CodeIgniter\BaseModel->save([...])
 8 SYSTEMPATH\CodeIgniter.php(941): App\Controllers\Upload->uploadFile()
 9 SYSTEMPATH\CodeIgniter.php(502): CodeIgniter\CodeIgniter->runController(Object(App\Controllers\Upload))
10 SYSTEMPATH\CodeIgniter.php(361): CodeIgniter\CodeIgniter->handleRequest(null, Object(Config\Cache), false)
11 FCPATH\index.php(79): CodeIgniter\CodeIgniter->run()
